<?xml version="1.0" encoding="UTF-8"?>
<!-- Generated by org.testng.reporters.JUnitReportReporter -->
<testsuite hostname="DESKTOP-E3N85P3" failures="0" tests="1" name="com.test.TC_001" time="20.335" errors="0" timestamp="2022-08-22T19:45:19 IST" skipped="0">
  <testcase classname="com.test.TC_001" name="varify_testlogin_validCredential" time="20.335"/>
  <system-out/>
</testsuite> <!-- com.test.TC_001 -->
